<?xml version="1.0" encoding="UTF-8"?>
<testng-results ignored="0" total="1" passed="1" failed="0" skipped="0">
  <reporter-output>
  </reporter-output>
  <suite started-at="2023-02-11T21:08:08 IST" name="Default suite" finished-at="2023-02-11T21:08:28 IST" duration-ms="20422">
    <groups>
    </groups>
    <test started-at="2023-02-11T21:08:08 IST" name="Default test" finished-at="2023-02-11T21:08:28 IST" duration-ms="20422">
      <class name="io.cucumber.test.JavaScriptExecutor">
        <test-method signature="takeScreenshot()[pri:0, instance:io.cucumber.test.JavaScriptExecutor@37858383]" started-at="2023-02-11T21:08:08 IST" name="takeScreenshot" finished-at="2023-02-11T21:08:28 IST" duration-ms="20292" status="PASS">
          <reporter-output>
          </reporter-output>
        </test-method> <!-- takeScreenshot -->
      </class> <!-- io.cucumber.test.JavaScriptExecutor -->
    </test> <!-- Default test -->
  </suite> <!-- Default suite -->
</testng-results>
